<?xml version="1.0" encoding="UTF-8"?>
<testng-results skipped="0" failed="1" ignored="0" total="1" passed="0">
  <reporter-output>
  </reporter-output>
  <suite name="Default suite" duration-ms="67272" started-at="2018-08-02T11:17:59Z" finished-at="2018-08-02T11:19:06Z">
    <groups>
    </groups>
    <test name="Default test" duration-ms="67272" started-at="2018-08-02T11:17:59Z" finished-at="2018-08-02T11:19:06Z">
      <class name="Protractor">
        <test-method status="PASS" signature="openbrowser()[pri:0, instance:Protractor@2f686d1f]" name="openbrowser" is-config="true" duration-ms="38073" started-at="2018-08-02T16:47:59Z" description="launching the browser and opening url" finished-at="2018-08-02T16:48:37Z">
          <reporter-output>
          </reporter-output>
        </test-method> <!-- openbrowser -->
        <test-method status="FAIL" signature="verifyloginpage()[pri:0, instance:Protractor@2f686d1f]" name="verifyloginpage" duration-ms="28820" started-at="2018-08-02T16:48:37Z" description="Add new user" finished-at="2018-08-02T16:49:06Z">
          <exception class="java.lang.NullPointerException">
            <full-stacktrace>
              <![CDATA[java.lang.NullPointerException
	at java.lang.String.contains(Unknown Source)
	at Protractor.verifyloginpage(Protractor.java:71)
	at sun.reflect.NativeMethodAccessorImpl.invoke0(Native Method)
	at sun.reflect.NativeMethodAccessorImpl.invoke(Unknown Source)
	at sun.reflect.DelegatingMethodAccessorImpl.invoke(Unknown Source)
	at java.lang.reflect.Method.invoke(Unknown Source)
	at org.testng.internal.MethodInvocationHelper.invokeMethod(MethodInvocationHelper.java:108)
	at org.testng.internal.Invoker.invokeMethod(Invoker.java:669)
	at org.testng.internal.Invoker.invokeTestMethod(Invoker.java:877)
	at org.testng.internal.Invoker.invokeTestMethods(Invoker.java:1201)
	at org.testng.internal.TestMethodWorker.invokeTestMethods(TestMethodWorker.java:125)
	at org.testng.internal.TestMethodWorker.run(TestMethodWorker.java:109)
	at org.testng.TestRunner.privateRun(TestRunner.java:776)
	at org.testng.TestRunner.run(TestRunner.java:634)
	at org.testng.SuiteRunner.runTest(SuiteRunner.java:425)
	at org.testng.SuiteRunner.runSequentially(SuiteRunner.java:420)
	at org.testng.SuiteRunner.privateRun(SuiteRunner.java:385)
	at org.testng.SuiteRunner.run(SuiteRunner.java:334)
	at org.testng.SuiteRunnerWorker.runSuite(SuiteRunnerWorker.java:52)
	at org.testng.SuiteRunnerWorker.run(SuiteRunnerWorker.java:86)
	at org.testng.TestNG.runSuitesSequentially(TestNG.java:1318)
	at org.testng.TestNG.runSuitesLocally(TestNG.java:1243)
	at org.testng.TestNG.runSuites(TestNG.java:1161)
	at org.testng.TestNG.run(TestNG.java:1129)
	at org.testng.remote.AbstractRemoteTestNG.run(AbstractRemoteTestNG.java:114)
	at org.testng.remote.RemoteTestNG.initAndRun(RemoteTestNG.java:251)
	at org.testng.remote.RemoteTestNG.main(RemoteTestNG.java:77)
]]>
            </full-stacktrace>
          </exception> <!-- java.lang.NullPointerException -->
          <reporter-output>
          </reporter-output>
        </test-method> <!-- verifyloginpage -->
        <test-method status="PASS" signature="closebrowser()[pri:0, instance:Protractor@2f686d1f]" name="closebrowser" is-config="true" duration-ms="318" started-at="2018-08-02T16:49:06Z" finished-at="2018-08-02T16:49:06Z">
          <reporter-output>
          </reporter-output>
        </test-method> <!-- closebrowser -->
      </class> <!-- Protractor -->
    </test> <!-- Default test -->
  </suite> <!-- Default suite -->
</testng-results>
